TN:
SF:/Users/bradfoda/Desktop/C2_s21_stringplus-1/src/s21_insert.c
FN:3,17,s21_insert
FNDA:10,s21_insert
FNF:1
FNH:1
DA:3,10
DA:4,10
DA:5,10
DA:6,10
DA:7,1
DA:9,9
DA:10,9
DA:11,9
DA:12,9
DA:13,9
DA:16,9
LF:11
LH:11
end_of_record
TN:
SF:/Users/bradfoda/Desktop/C2_s21_stringplus-1/src/s21_memchr.c
FN:3,16,s21_memchr
FNDA:10,s21_memchr
FNF:1
FNH:1
DA:3,10
DA:4,10
DA:5,10
DA:6,1
DA:8,49
DA:9,39
DA:10,39
DA:11,4
DA:12,4
DA:15,10
LF:10
LH:10
end_of_record
TN:
SF:/Users/bradfoda/Desktop/C2_s21_stringplus-1/src/s21_memcmp.c
FN:3,12,s21_memcmp
FNDA:10,s21_memcmp
FNF:1
FNH:1
DA:3,10
DA:4,10
DA:5,66
DA:6,56
DA:7,56
DA:8,8
DA:11,10
LF:7
LH:7
end_of_record
TN:
SF:/Users/bradfoda/Desktop/C2_s21_stringplus-1/src/s21_sprintf.c
FN:10,37,custom_itoa
FN:115,166,custom_etoa
FN:168,219,custom_getoa
FN:221,256,custom_gftoa
FN:259,273,d_sprintf
FN:275,286,f_sprintf
FN:288,301,g_sprintf
FN:303,314,s_sprintf
FN:316,327,e_sprintf
FN:329,362,o_sprintf
FN:364,377,u_sprintf
FN:379,391,x_sprintf
FN:39,56,custom_utoa
FN:393,416,p_sprintf
FN:418,421,percent_sprintf
FN:423,427,c_sprintf
FN:429,596,s21_sprintf
FN:58,83,custom_utohex
FN:85,113,custom_ftoa
FNDA:71,custom_itoa
FNDA:17,custom_etoa
FNDA:4,custom_getoa
FNDA:6,custom_gftoa
FNDA:17,d_sprintf
FNDA:6,f_sprintf
FNDA:10,g_sprintf
FNDA:6,s_sprintf
FNDA:17,e_sprintf
FNDA:8,o_sprintf
FNDA:11,u_sprintf
FNDA:16,x_sprintf
FNDA:11,custom_utoa
FNDA:14,p_sprintf
FNDA:6,percent_sprintf
FNDA:12,c_sprintf
FNDA:107,s21_sprintf
FNDA:16,custom_utohex
FNDA:6,custom_ftoa
FNF:19
FNH:19
DA:10,71
DA:11,71
DA:12,71
DA:13,71
DA:14,71
DA:16,71
DA:17,6
DA:18,6
DA:21,71
DA:22,32
DA:24,39
DA:27,71
DA:28,6
DA:31,240
DA:32,169
DA:36,71
DA:39,11
DA:40,11
DA:41,11
DA:42,11
DA:44,11
DA:45,1
DA:47,10
DA:50,66
DA:51,55
DA:55,11
DA:58,16
DA:59,16
DA:61,16
DA:62,2
DA:65,73
DA:66,57
DA:67,57
DA:68,57
DA:73,16
DA:74,16
DA:75,44
DA:76,28
DA:77,28
DA:78,28
DA:79,28
DA:80,28
DA:82,16
DA:85,6
DA:86,6
DA:87,6
DA:88,6
DA:89,1
DA:90,1
DA:93,6
DA:95,6
DA:96,6
DA:98,6
DA:99,6
DA:101,6
DA:103,42
DA:104,36
DA:105,36
DA:106,36
DA:107,36
DA:108,36
DA:110,6
DA:112,6
DA:115,17
DA:116,17
DA:117,17
DA:118,17
DA:119,17
DA:120,2
DA:121,2
DA:124,17
DA:126,27
DA:127,10
DA:128,10
DA:129,10
DA:131,17
DA:132,0
DA:133,0
DA:135,17
DA:137,17
DA:138,17
DA:140,17
DA:141,17
DA:143,17
DA:145,119
DA:146,102
DA:147,102
DA:148,102
DA:149,102
DA:150,102
DA:153,17
DA:154,17
DA:156,17
DA:157,17
DA:158,17
DA:159,17
DA:160,17
DA:162,17
DA:163,17
DA:165,17
DA:168,4
DA:169,4
DA:170,4
DA:171,4
DA:172,4
DA:173,0
DA:174,0
DA:177,4
DA:179,4
DA:180,0
DA:181,0
DA:182,0
DA:184,4
DA:185,0
DA:186,0
DA:188,4
DA:190,4
DA:191,4
DA:193,4
DA:194,4
DA:196,4
DA:198,24
DA:199,20
DA:200,20
DA:201,20
DA:202,20
DA:203,20
DA:206,4
DA:207,4
DA:209,4
DA:210,4
DA:211,4
DA:212,4
DA:213,4
DA:215,4
DA:216,4
DA:218,4
DA:221,6
DA:222,6
DA:223,6
DA:224,6
DA:225,2
DA:226,2
DA:229,6
DA:230,6
DA:232,6
DA:233,24
DA:234,18
DA:235,18
DA:238,6
DA:239,6
DA:240,6
DA:241,6
DA:242,6
DA:244,6
DA:246,24
DA:247,18
DA:248,18
DA:249,18
DA:250,18
DA:251,18
DA:254,6
DA:255,6
DA:259,17
DA:261,17
DA:263,17
DA:264,17
DA:265,1
DA:266,16
DA:267,1
DA:269,15
DA:271,17
DA:272,17
DA:275,6
DA:276,6
DA:277,6
DA:278,1
DA:279,1
DA:281,5
DA:282,5
DA:285,6
DA:288,10
DA:289,10
DA:290,10
DA:291,0
DA:292,0
DA:293,0
DA:295,10
DA:296,10
DA:297,6
DA:300,10
DA:303,6
DA:304,6
DA:305,6
DA:307,61
DA:308,55
DA:309,55
DA:313,6
DA:316,17
DA:317,17
DA:318,17
DA:319,0
DA:320,0
DA:322,17
DA:323,17
DA:326,17
DA:329,8
DA:330,8
DA:331,8
DA:332,8
DA:333,0
DA:334,8
DA:335,0
DA:337,8
DA:342,8
DA:345,8
DA:346,1
DA:348,59
DA:349,52
DA:350,52
DA:355,61
DA:356,53
DA:361,8
DA:364,11
DA:365,11
DA:366,11
DA:368,11
DA:369,2
DA:370,9
DA:371,0
DA:373,9
DA:376,11
DA:379,16
DA:380,16
DA:381,16
DA:382,16
DA:383,1
DA:384,15
DA:385,0
DA:387,15
DA:390,16
DA:393,14
DA:394,14
DA:395,14
DA:397,14
DA:398,14
DA:400,14
DA:401,14
DA:402,14
DA:403,14
DA:404,238
DA:405,224
DA:406,224
DA:407,224
DA:408,224
DA:409,85
DA:410,85
DA:415,14
DA:418,6
DA:419,6
DA:420,6
DA:423,12
DA:424,12
DA:425,12
DA:426,12
DA:429,107
DA:431,107
DA:432,107
DA:434,107
DA:435,107
DA:437,1378
DA:439,1271
DA:440,173
DA:441,173
DA:442,1
DA:443,1
DA:444,173
DA:445,4
DA:446,4
DA:447,173
DA:448,1
DA:449,1
DA:451,173
DA:452,12
DA:453,12
DA:454,12
DA:455,12
DA:456,12
DA:457,12
DA:459,6
DA:460,6
DA:461,6
DA:462,6
DA:463,6
DA:464,6
DA:466,6
DA:467,6
DA:468,6
DA:469,6
DA:470,6
DA:471,6
DA:473,5
DA:474,5
DA:475,5
DA:476,5
DA:477,5
DA:478,5
DA:480,5
DA:481,5
DA:482,76
DA:483,71
DA:484,5
DA:487,5
DA:488,5
DA:489,5
DA:490,5
DA:492,12
DA:493,12
DA:494,12
DA:495,12
DA:496,12
DA:497,12
DA:499,5
DA:500,5
DA:501,61
DA:502,56
DA:503,2
DA:506,5
DA:507,5
DA:508,5
DA:509,5
DA:511,5
DA:512,5
DA:513,5
DA:514,5
DA:515,5
DA:516,5
DA:518,7
DA:519,7
DA:520,7
DA:521,7
DA:522,7
DA:523,7
DA:525,8
DA:526,8
DA:527,8
DA:528,8
DA:529,8
DA:530,8
DA:532,11
DA:533,11
DA:534,11
DA:535,11
DA:536,11
DA:537,11
DA:539,9
DA:540,9
DA:542,70
DA:543,61
DA:544,23
DA:547,9
DA:548,9
DA:549,9
DA:550,9
DA:552,7
DA:553,7
DA:554,7
DA:555,7
DA:556,7
DA:557,7
DA:559,6
DA:560,6
DA:561,6
DA:562,6
DA:563,6
DA:564,6
DA:566,12
DA:567,12
DA:568,12
DA:569,12
DA:570,12
DA:571,12
DA:573,14
DA:574,14
DA:575,14
DA:576,14
DA:577,14
DA:578,14
DA:580,43
DA:581,43
DA:584,1098
DA:586,1098
DA:587,1098
DA:588,1098
DA:590,1271
DA:593,107
DA:594,107
DA:595,107
LF:398
LH:380
end_of_record
TN:
SF:/Users/bradfoda/Desktop/C2_s21_stringplus-1/src/s21_strchr.c
FN:2,16,s21_strchr
FNDA:53,s21_strchr
FNF:1
FNH:1
DA:2,53
DA:3,53
DA:4,212
DA:5,176
DA:7,17
DA:8,17
DA:10,159
DA:12,53
DA:13,1
DA:15,53
LF:10
LH:10
end_of_record
TN:
SF:/Users/bradfoda/Desktop/C2_s21_stringplus-1/src/s21_strcspn.c
FN:2,9,s21_strcspn
FNDA:10,s21_strcspn
FNF:1
FNH:1
DA:2,10
DA:3,10
DA:4,22
DA:5,12
DA:6,12
DA:8,10
LF:6
LH:6
end_of_record
TN:
SF:/Users/bradfoda/Desktop/C2_s21_stringplus-1/src/s21_strlen.c
FN:4,12,s21_strlen
FNDA:60,s21_strlen
FNF:1
FNH:1
DA:4,60
DA:5,60
DA:6,277
DA:8,217
DA:9,217
DA:11,60
LF:6
LH:6
end_of_record
TN:
SF:/Users/bradfoda/Desktop/C2_s21_stringplus-1/src/s21_strncat.c
FN:3,17,s21_strncat
FNDA:10,s21_strncat
FNF:1
FNH:1
DA:3,10
DA:4,10
DA:5,10
DA:6,10
DA:9,60
DA:10,54
DA:11,48
DA:12,6
DA:14,54
DA:16,10
LF:10
LH:10
end_of_record
TN:
SF:/Users/bradfoda/Desktop/C2_s21_stringplus-1/src/s21_strncmp.c
FN:2,12,s21_strncmp
FNDA:10,s21_strncmp
FNF:1
FNH:1
DA:2,10
DA:3,10
DA:4,65
DA:5,55
DA:6,55
DA:8,8
DA:11,10
LF:7
LH:7
end_of_record
TN:
SF:/Users/bradfoda/Desktop/C2_s21_stringplus-1/src/s21_strncpy.c
FN:3,10,s21_strncpy
FNDA:10,s21_strncpy
FNF:1
FNH:1
DA:3,10
DA:5,83
DA:6,73
DA:7,44
DA:8,34
DA:9,10
LF:6
LH:6
end_of_record
TN:
SF:/Users/bradfoda/Desktop/C2_s21_stringplus-1/src/s21_strpbrk.c
FN:4,16,s21_strpbrk
FNDA:10,s21_strpbrk
FNF:1
FNH:1
DA:4,10
DA:5,10
DA:6,35
DA:7,25
DA:8,25
DA:10,10
DA:11,6
DA:12,6
DA:15,4
LF:9
LH:9
end_of_record
TN:
SF:/Users/bradfoda/Desktop/C2_s21_stringplus-1/src/s21_strrchr.c
FN:3,15,s21_strrchr
FNDA:9,s21_strrchr
FNF:1
FNH:1
DA:3,9
DA:4,9
DA:5,45
DA:6,36
DA:7,5
DA:9,36
DA:11,9
DA:12,2
DA:14,9
LF:9
LH:9
end_of_record
TN:
SF:/Users/bradfoda/Desktop/C2_s21_stringplus-1/src/s21_strstr.c
FN:2,35,s21_strstr
FNDA:10,s21_strstr
FNF:1
FNH:1
DA:2,10
DA:3,10
DA:4,10
DA:5,0
DA:7,10
DA:8,3
DA:10,33
DA:11,31
DA:12,31
DA:13,31
DA:14,31
DA:15,54
DA:16,23
DA:17,23
DA:18,23
DA:19,23
DA:20,2
DA:24,31
DA:25,4
DA:27,27
DA:28,1
DA:30,26
DA:31,26
DA:32,26
DA:34,2
LF:25
LH:24
end_of_record
TN:
SF:/Users/bradfoda/Desktop/C2_s21_stringplus-1/src/unit_tests/all_tests_s21.c
FN:17,64,main
FN:3,14,make_the_test
FNDA:1,main
FNDA:31,make_the_test
FNF:2
FNH:2
DA:3,31
DA:4,31
DA:5,31
DA:6,31
DA:8,31
DA:10,31
DA:11,31
DA:13,31
DA:14,31
DA:17,1
DA:19,31
DA:20,1
DA:21,1
DA:22,1
DA:23,1
DA:24,1
DA:25,1
DA:26,1
DA:27,1
DA:28,1
DA:29,1
DA:30,1
DA:31,1
DA:32,1
DA:33,1
DA:34,1
DA:35,1
DA:37,1
DA:38,1
DA:39,1
DA:40,1
DA:41,1
DA:42,1
DA:43,1
DA:44,1
DA:45,1
DA:46,1
DA:47,1
DA:48,1
DA:49,1
DA:50,1
DA:51,1
DA:56,1
DA:58,32
DA:59,31
DA:63,1
LF:46
LH:46
end_of_record
TN:
SF:/Users/bradfoda/Desktop/C2_s21_stringplus-1/src/unit_tests/test_insert.c
FN:101,113,insert_7_fn
FN:117,129,insert_8_fn
FN:133,145,insert_9_fn
FN:149,161,insert_10_fn
FN:164,180,insert_suite
FN:21,33,insert_2_fn
FN:37,49,insert_3_fn
FN:5,17,insert_1_fn
FN:53,65,insert_4_fn
FN:69,81,insert_5_fn
FN:85,97,insert_6_fn
FNDA:1,insert_7_fn
FNDA:1,insert_8_fn
FNDA:1,insert_9_fn
FNDA:1,insert_10_fn
FNDA:1,insert_suite
FNDA:1,insert_2_fn
FNDA:1,insert_3_fn
FNDA:1,insert_1_fn
FNDA:1,insert_4_fn
FNDA:1,insert_5_fn
FNDA:1,insert_6_fn
FNF:11
FNH:11
DA:5,1
DA:6,1
DA:7,1
DA:8,1
DA:10,1
DA:11,1
DA:13,1
DA:16,1
DA:17,1
DA:21,1
DA:22,1
DA:23,1
DA:24,1
DA:26,1
DA:27,1
DA:29,1
DA:32,1
DA:33,1
DA:37,1
DA:38,1
DA:39,1
DA:40,1
DA:42,1
DA:43,1
DA:45,1
DA:48,1
DA:49,1
DA:53,1
DA:54,1
DA:55,1
DA:56,1
DA:58,1
DA:59,1
DA:61,1
DA:64,1
DA:65,1
DA:69,1
DA:70,1
DA:71,1
DA:72,1
DA:74,1
DA:75,1
DA:77,1
DA:80,1
DA:81,1
DA:85,1
DA:86,1
DA:87,1
DA:88,1
DA:90,1
DA:91,1
DA:93,1
DA:96,1
DA:97,1
DA:101,1
DA:102,1
DA:103,1
DA:104,1
DA:106,1
DA:107,1
DA:109,1
DA:112,1
DA:113,1
DA:117,1
DA:118,1
DA:119,1
DA:120,1
DA:122,1
DA:123,1
DA:125,1
DA:128,1
DA:129,1
DA:133,1
DA:134,1
DA:135,1
DA:136,1
DA:138,1
DA:139,1
DA:141,1
DA:144,0
DA:145,0
DA:149,1
DA:150,1
DA:151,1
DA:152,1
DA:154,1
DA:155,1
DA:157,1
DA:160,1
DA:161,1
DA:164,1
DA:165,1
DA:167,1
DA:168,1
DA:169,1
DA:170,1
DA:171,1
DA:172,1
DA:173,1
DA:174,1
DA:175,1
DA:176,1
DA:177,1
DA:178,1
DA:179,1
LF:105
LH:103
end_of_record
TN:
SF:/Users/bradfoda/Desktop/C2_s21_stringplus-1/src/unit_tests/test_memchr.c
FN:12,16,memchr_2_fn
FN:20,24,memchr_3_fn
FN:28,32,memchr_4_fn
FN:36,40,memchr_5_fn
FN:4,8,memchr_1_fn
FN:44,48,memchr_6_fn
FN:52,56,memchr_7_fn
FN:60,64,memchr_8_fn
FN:68,72,memchr_9_fn
FN:76,80,memchr_10_fn
FN:83,99,memchr_suite
FNDA:1,memchr_2_fn
FNDA:1,memchr_3_fn
FNDA:1,memchr_4_fn
FNDA:1,memchr_5_fn
FNDA:1,memchr_1_fn
FNDA:1,memchr_6_fn
FNDA:1,memchr_7_fn
FNDA:1,memchr_8_fn
FNDA:1,memchr_9_fn
FNDA:1,memchr_10_fn
FNDA:1,memchr_suite
FNF:11
FNH:11
DA:4,1
DA:5,1
DA:6,1
DA:7,1
DA:8,1
DA:12,1
DA:13,1
DA:14,1
DA:15,1
DA:16,1
DA:20,1
DA:21,1
DA:22,1
DA:23,1
DA:24,1
DA:28,1
DA:29,1
DA:30,1
DA:31,1
DA:32,1
DA:36,1
DA:37,1
DA:38,1
DA:39,1
DA:40,1
DA:44,1
DA:45,1
DA:46,1
DA:47,1
DA:48,1
DA:52,1
DA:53,1
DA:54,1
DA:55,1
DA:56,1
DA:60,1
DA:61,1
DA:62,1
DA:63,1
DA:64,1
DA:68,1
DA:69,1
DA:70,1
DA:71,1
DA:72,1
DA:76,1
DA:77,1
DA:78,1
DA:79,1
DA:80,1
DA:83,1
DA:84,1
DA:86,1
DA:87,1
DA:88,1
DA:89,1
DA:90,1
DA:91,1
DA:92,1
DA:93,1
DA:94,1
DA:95,1
DA:96,1
DA:97,1
DA:98,1
LF:65
LH:65
end_of_record
TN:
SF:/Users/bradfoda/Desktop/C2_s21_stringplus-1/src/unit_tests/test_memcmp.c
FN:103,119,memcmp_suite
FN:14,20,memcmp_2_fn
FN:24,30,memcmp_3_fn
FN:34,40,memcmp_4_fn
FN:4,10,memcmp_1_fn
FN:44,50,memcmp_5_fn
FN:54,60,memcmp_6_fn
FN:64,70,memcmp_7_fn
FN:74,80,memcmp_8_fn
FN:84,90,memcmp_9_fn
FN:94,100,memcmp_10_fn
FNDA:1,memcmp_suite
FNDA:1,memcmp_2_fn
FNDA:1,memcmp_3_fn
FNDA:1,memcmp_4_fn
FNDA:1,memcmp_1_fn
FNDA:1,memcmp_5_fn
FNDA:1,memcmp_6_fn
FNDA:1,memcmp_7_fn
FNDA:1,memcmp_8_fn
FNDA:1,memcmp_9_fn
FNDA:1,memcmp_10_fn
FNF:11
FNH:11
DA:4,1
DA:5,1
DA:6,1
DA:7,1
DA:9,1
DA:10,1
DA:14,1
DA:15,1
DA:16,1
DA:17,1
DA:19,1
DA:20,1
DA:24,1
DA:25,1
DA:26,1
DA:27,1
DA:29,1
DA:30,1
DA:34,1
DA:35,1
DA:36,1
DA:37,1
DA:39,1
DA:40,1
DA:44,1
DA:45,1
DA:46,1
DA:47,1
DA:49,1
DA:50,1
DA:54,1
DA:55,1
DA:56,1
DA:57,1
DA:59,1
DA:60,1
DA:64,1
DA:65,1
DA:66,1
DA:67,1
DA:69,1
DA:70,1
DA:74,1
DA:75,1
DA:76,1
DA:77,1
DA:79,1
DA:80,1
DA:84,1
DA:85,1
DA:86,1
DA:87,1
DA:89,1
DA:90,1
DA:94,1
DA:95,1
DA:96,1
DA:97,1
DA:99,1
DA:100,1
DA:103,1
DA:104,1
DA:106,1
DA:107,1
DA:108,1
DA:109,1
DA:110,1
DA:111,1
DA:112,1
DA:113,1
DA:114,1
DA:115,1
DA:116,1
DA:117,1
DA:118,1
LF:75
LH:75
end_of_record
TN:
SF:/Users/bradfoda/Desktop/C2_s21_stringplus-1/src/unit_tests/test_sprintf_%.c
FN:17,26,s21_sprintf_percent_2_fn
FN:30,39,s21_sprintf_percent_3_fn
FN:4,13,s21_sprintf_percent_1_fn
FN:43,52,s21_sprintf_percent_4_fn
FN:56,65,s21_sprintf_percent_5_fn
FN:69,80,sprintf_percent_suite
FNDA:1,s21_sprintf_percent_2_fn
FNDA:1,s21_sprintf_percent_3_fn
FNDA:1,s21_sprintf_percent_1_fn
FNDA:1,s21_sprintf_percent_4_fn
FNDA:1,s21_sprintf_percent_5_fn
FNDA:1,sprintf_percent_suite
FNF:6
FNH:6
DA:4,1
DA:6,1
DA:9,1
DA:11,1
DA:12,1
DA:13,1
DA:17,1
DA:19,1
DA:22,1
DA:24,1
DA:25,1
DA:26,1
DA:30,1
DA:32,1
DA:35,1
DA:37,1
DA:38,1
DA:39,1
DA:43,1
DA:45,1
DA:48,1
DA:50,1
DA:51,1
DA:52,1
DA:56,1
DA:58,1
DA:61,1
DA:63,1
DA:64,1
DA:65,1
DA:69,1
DA:70,1
DA:72,1
DA:73,1
DA:74,1
DA:75,1
DA:76,1
DA:77,1
DA:78,1
DA:79,1
LF:40
LH:40
end_of_record
TN:
SF:/Users/bradfoda/Desktop/C2_s21_stringplus-1/src/unit_tests/test_sprintf_E.c
FN:18,28,s21_sprintf_E_2_fn
FN:32,42,s21_sprintf_E_3_fn
FN:4,14,s21_sprintf_E_1_fn
FN:46,56,s21_sprintf_E_4_fn
FN:60,70,s21_sprintf_E_5_fn
FN:73,84,sprintf_E_suite
FNDA:1,s21_sprintf_E_2_fn
FNDA:1,s21_sprintf_E_3_fn
FNDA:1,s21_sprintf_E_1_fn
FNDA:1,s21_sprintf_E_4_fn
FNDA:1,s21_sprintf_E_5_fn
FNDA:1,sprintf_E_suite
FNF:6
FNH:6
DA:4,1
DA:6,1
DA:7,1
DA:10,1
DA:12,1
DA:13,1
DA:14,1
DA:18,1
DA:20,1
DA:21,1
DA:24,1
DA:26,1
DA:27,0
DA:28,0
DA:32,1
DA:34,1
DA:35,1
DA:38,1
DA:40,1
DA:41,1
DA:42,1
DA:46,1
DA:48,1
DA:49,1
DA:52,1
DA:54,1
DA:55,1
DA:56,0
DA:60,1
DA:62,1
DA:63,1
DA:66,1
DA:68,1
DA:69,0
DA:70,0
DA:73,1
DA:74,1
DA:76,1
DA:77,1
DA:78,1
DA:79,1
DA:80,1
DA:81,1
DA:82,1
DA:83,1
LF:45
LH:40
end_of_record
TN:
SF:/Users/bradfoda/Desktop/C2_s21_stringplus-1/src/unit_tests/test_sprintf__G.c
FN:18,28,s21_sprintf_G_2_fn
FN:32,42,s21_sprintf_G_3_fn
FN:4,14,s21_sprintf_G_1_fn
FN:46,56,s21_sprintf_G_4_fn
FN:60,70,s21_sprintf_G_5_fn
FN:73,84,sprintf_G_suite
FNDA:1,s21_sprintf_G_2_fn
FNDA:1,s21_sprintf_G_3_fn
FNDA:1,s21_sprintf_G_1_fn
FNDA:1,s21_sprintf_G_4_fn
FNDA:1,s21_sprintf_G_5_fn
FNDA:1,sprintf_G_suite
FNF:6
FNH:6
DA:4,1
DA:6,1
DA:7,1
DA:10,1
DA:12,1
DA:13,0
DA:14,0
DA:18,1
DA:20,1
DA:21,1
DA:24,1
DA:26,1
DA:27,1
DA:28,1
DA:32,1
DA:34,1
DA:35,1
DA:38,1
DA:40,1
DA:41,0
DA:42,0
DA:46,1
DA:48,1
DA:49,1
DA:52,1
DA:54,1
DA:55,1
DA:56,1
DA:60,1
DA:62,1
DA:63,1
DA:66,1
DA:68,1
DA:69,0
DA:70,0
DA:73,1
DA:74,1
DA:76,1
DA:77,1
DA:78,1
DA:79,1
DA:80,1
DA:81,1
DA:82,1
DA:83,1
LF:45
LH:39
end_of_record
TN:
SF:/Users/bradfoda/Desktop/C2_s21_stringplus-1/src/unit_tests/test_sprintf__X.c
FN:18,28,s21_sprintf_X_2_fn
FN:32,42,s21_sprintf_X_3_fn
FN:4,14,s21_sprintf_X_1_fn
FN:46,56,s21_sprintf_X_4_fn
FN:60,70,s21_sprintf_X_5_fn
FN:73,84,sprintf_X_suite
FNDA:1,s21_sprintf_X_2_fn
FNDA:1,s21_sprintf_X_3_fn
FNDA:1,s21_sprintf_X_1_fn
FNDA:1,s21_sprintf_X_4_fn
FNDA:1,s21_sprintf_X_5_fn
FNDA:1,sprintf_X_suite
FNF:6
FNH:6
DA:4,1
DA:6,1
DA:7,1
DA:10,1
DA:12,1
DA:13,1
DA:14,1
DA:18,1
DA:20,1
DA:21,1
DA:24,1
DA:26,1
DA:27,1
DA:28,1
DA:32,1
DA:34,1
DA:35,1
DA:38,1
DA:40,1
DA:41,1
DA:42,1
DA:46,1
DA:48,1
DA:49,1
DA:52,1
DA:54,1
DA:55,1
DA:56,1
DA:60,1
DA:62,1
DA:63,1
DA:66,1
DA:68,1
DA:69,1
DA:70,1
DA:73,1
DA:74,1
DA:76,1
DA:77,1
DA:78,1
DA:79,1
DA:80,1
DA:81,1
DA:82,1
DA:83,1
LF:45
LH:45
end_of_record
TN:
SF:/Users/bradfoda/Desktop/C2_s21_stringplus-1/src/unit_tests/test_sprintf__e.c
FN:18,28,s21_sprintf_e_2_fn
FN:32,42,s21_sprintf_e_3_fn
FN:4,14,s21_sprintf_e_1_fn
FN:46,56,s21_sprintf_e_4_fn
FN:60,70,s21_sprintf_e_5_fn
FN:73,84,sprintf_e_suite
FNDA:1,s21_sprintf_e_2_fn
FNDA:1,s21_sprintf_e_3_fn
FNDA:1,s21_sprintf_e_1_fn
FNDA:1,s21_sprintf_e_4_fn
FNDA:1,s21_sprintf_e_5_fn
FNDA:1,sprintf_e_suite
FNF:6
FNH:6
DA:4,1
DA:6,1
DA:7,1
DA:10,1
DA:12,1
DA:13,1
DA:14,0
DA:18,1
DA:20,1
DA:21,1
DA:24,1
DA:26,1
DA:27,0
DA:28,0
DA:32,1
DA:34,1
DA:35,1
DA:38,1
DA:40,1
DA:41,1
DA:42,1
DA:46,1
DA:48,1
DA:49,1
DA:52,1
DA:54,1
DA:55,1
DA:56,0
DA:60,1
DA:62,1
DA:63,1
DA:66,1
DA:68,1
DA:69,0
DA:70,0
DA:73,1
DA:74,1
DA:76,1
DA:77,1
DA:78,1
DA:79,1
DA:80,1
DA:81,1
DA:82,1
DA:83,1
LF:45
LH:39
end_of_record
TN:
SF:/Users/bradfoda/Desktop/C2_s21_stringplus-1/src/unit_tests/test_sprintf_all.c
FN:109,118,s21_sprintf_combinations_9_fn
FN:122,131,s21_sprintf_combinations_10_fn
FN:135,144,s21_sprintf_combinations_11_fn
FN:148,157,s21_sprintf_combinations_12_fn
FN:161,170,s21_sprintf_combinations_13_fn
FN:176,185,s21_sprintf_combinations_14_fn
FN:18,27,s21_sprintf_combinations_2_fn
FN:189,198,s21_sprintf_combinations_15_fn
FN:202,211,s21_sprintf_combinations_16_fn
FN:215,224,s21_sprintf_combinations_17_fn
FN:232,256,sprintf_all_suite
FN:31,40,s21_sprintf_combinations_3_fn
FN:44,53,s21_sprintf_combinations_4_fn
FN:5,14,s21_sprintf_combinations_1_fn
FN:57,66,s21_sprintf_combinations_5_fn
FN:70,79,s21_sprintf_combinations_6_fn
FN:83,92,s21_sprintf_combinations_7_fn
FN:96,105,s21_sprintf_combinations_8_fn
FNDA:1,s21_sprintf_combinations_9_fn
FNDA:1,s21_sprintf_combinations_10_fn
FNDA:1,s21_sprintf_combinations_11_fn
FNDA:1,s21_sprintf_combinations_12_fn
FNDA:1,s21_sprintf_combinations_13_fn
FNDA:1,s21_sprintf_combinations_14_fn
FNDA:1,s21_sprintf_combinations_2_fn
FNDA:1,s21_sprintf_combinations_15_fn
FNDA:1,s21_sprintf_combinations_16_fn
FNDA:1,s21_sprintf_combinations_17_fn
FNDA:1,sprintf_all_suite
FNDA:1,s21_sprintf_combinations_3_fn
FNDA:1,s21_sprintf_combinations_4_fn
FNDA:1,s21_sprintf_combinations_1_fn
FNDA:1,s21_sprintf_combinations_5_fn
FNDA:1,s21_sprintf_combinations_6_fn
FNDA:1,s21_sprintf_combinations_7_fn
FNDA:1,s21_sprintf_combinations_8_fn
FNF:18
FNH:18
DA:5,1
DA:7,1
DA:10,1
DA:12,1
DA:13,0
DA:14,0
DA:18,1
DA:20,1
DA:23,1
DA:25,1
DA:26,0
DA:27,0
DA:31,1
DA:33,1
DA:36,1
DA:38,1
DA:39,0
DA:40,0
DA:44,1
DA:46,1
DA:49,1
DA:51,1
DA:52,0
DA:53,0
DA:57,1
DA:59,1
DA:62,1
DA:64,1
DA:65,0
DA:66,0
DA:70,1
DA:72,1
DA:75,1
DA:77,1
DA:78,0
DA:79,0
DA:83,1
DA:85,1
DA:88,1
DA:90,1
DA:91,0
DA:92,0
DA:96,1
DA:98,1
DA:101,1
DA:103,1
DA:104,0
DA:105,0
DA:109,1
DA:111,1
DA:114,1
DA:116,1
DA:117,0
DA:118,0
DA:122,1
DA:124,1
DA:127,1
DA:129,1
DA:130,1
DA:131,0
DA:135,1
DA:137,1
DA:140,1
DA:142,1
DA:143,0
DA:144,0
DA:148,1
DA:150,1
DA:153,1
DA:155,1
DA:156,0
DA:157,0
DA:161,1
DA:163,1
DA:166,1
DA:168,1
DA:169,0
DA:170,0
DA:176,1
DA:178,1
DA:181,1
DA:183,1
DA:184,1
DA:185,1
DA:189,1
DA:191,1
DA:194,1
DA:196,1
DA:197,1
DA:198,1
DA:202,1
DA:204,1
DA:207,1
DA:209,1
DA:210,0
DA:211,0
DA:215,1
DA:217,1
DA:220,1
DA:222,1
DA:223,0
DA:224,0
DA:232,1
DA:233,1
DA:235,1
DA:236,1
DA:237,1
DA:238,1
DA:239,1
DA:240,1
DA:241,1
DA:242,1
DA:243,1
DA:244,1
DA:245,1
DA:246,1
DA:247,1
DA:248,1
DA:249,1
DA:250,1
DA:251,1
DA:252,1
DA:254,1
DA:255,1
LF:124
LH:95
end_of_record
TN:
SF:/Users/bradfoda/Desktop/C2_s21_stringplus-1/src/unit_tests/test_sprintf_c.c
FN:18,28,s21_sprintf_c_2_fn
FN:32,42,s21_sprintf_c_3_fn
FN:4,14,s21_sprintf_c_1_fn
FN:46,56,s21_sprintf_c_4_fn
FN:60,70,s21_sprintf_c_5_fn
FN:73,84,sprintf_c_suite
FNDA:1,s21_sprintf_c_2_fn
FNDA:1,s21_sprintf_c_3_fn
FNDA:1,s21_sprintf_c_1_fn
FNDA:1,s21_sprintf_c_4_fn
FNDA:1,s21_sprintf_c_5_fn
FNDA:1,sprintf_c_suite
FNF:6
FNH:6
DA:4,1
DA:6,1
DA:7,1
DA:10,1
DA:12,1
DA:13,1
DA:14,1
DA:18,1
DA:20,1
DA:21,1
DA:24,1
DA:26,1
DA:27,1
DA:28,1
DA:32,1
DA:34,1
DA:35,1
DA:38,1
DA:40,1
DA:41,1
DA:42,1
DA:46,1
DA:48,1
DA:49,1
DA:52,1
DA:54,1
DA:55,1
DA:56,1
DA:60,1
DA:62,1
DA:63,1
DA:66,1
DA:68,1
DA:69,1
DA:70,1
DA:73,1
DA:74,1
DA:76,1
DA:77,1
DA:78,1
DA:79,1
DA:80,1
DA:81,1
DA:82,1
DA:83,1
LF:45
LH:45
end_of_record
TN:
SF:/Users/bradfoda/Desktop/C2_s21_stringplus-1/src/unit_tests/test_sprintf_d.c
FN:18,28,s21_sprintf_d_2_fn
FN:32,42,s21_sprintf_d_3_fn
FN:4,14,s21_sprintf_d_1_fn
FN:46,56,s21_sprintf_d_4_fn
FN:60,70,s21_sprintf_d_5_fn
FN:73,84,sprintf_d_suite
FNDA:1,s21_sprintf_d_2_fn
FNDA:1,s21_sprintf_d_3_fn
FNDA:1,s21_sprintf_d_1_fn
FNDA:1,s21_sprintf_d_4_fn
FNDA:1,s21_sprintf_d_5_fn
FNDA:1,sprintf_d_suite
FNF:6
FNH:6
DA:4,1
DA:6,1
DA:7,1
DA:10,1
DA:12,1
DA:13,1
DA:14,1
DA:18,1
DA:20,1
DA:21,1
DA:24,1
DA:26,1
DA:27,1
DA:28,1
DA:32,1
DA:34,1
DA:35,1
DA:38,1
DA:40,1
DA:41,1
DA:42,1
DA:46,1
DA:48,1
DA:49,1
DA:52,1
DA:54,1
DA:55,1
DA:56,1
DA:60,1
DA:62,1
DA:63,1
DA:66,1
DA:68,1
DA:69,1
DA:70,1
DA:73,1
DA:74,1
DA:76,1
DA:77,1
DA:78,1
DA:79,1
DA:80,1
DA:81,1
DA:82,1
DA:83,1
LF:45
LH:45
end_of_record
TN:
SF:/Users/bradfoda/Desktop/C2_s21_stringplus-1/src/unit_tests/test_sprintf_f.c
FN:18,28,s21_sprintf_f_2_fn
FN:32,42,s21_sprintf_f_3_fn
FN:4,14,s21_sprintf_f_1_fn
FN:48,58,s21_sprintf_f_4_fn
FN:62,72,s21_sprintf_f_5_fn
FN:75,86,sprintf_f_suite
FNDA:1,s21_sprintf_f_2_fn
FNDA:1,s21_sprintf_f_3_fn
FNDA:1,s21_sprintf_f_1_fn
FNDA:1,s21_sprintf_f_4_fn
FNDA:1,s21_sprintf_f_5_fn
FNDA:1,sprintf_f_suite
FNF:6
FNH:6
DA:4,1
DA:6,1
DA:7,1
DA:10,1
DA:12,1
DA:13,1
DA:14,1
DA:18,1
DA:20,1
DA:21,1
DA:24,1
DA:26,1
DA:27,1
DA:28,1
DA:32,1
DA:34,1
DA:35,1
DA:38,1
DA:40,1
DA:41,1
DA:42,1
DA:48,1
DA:50,1
DA:51,1
DA:54,1
DA:56,1
DA:57,1
DA:58,1
DA:62,1
DA:64,1
DA:65,1
DA:68,1
DA:70,1
DA:71,1
DA:72,1
DA:75,1
DA:76,1
DA:78,1
DA:79,1
DA:80,1
DA:81,1
DA:82,1
DA:83,1
DA:84,1
DA:85,1
LF:45
LH:45
end_of_record
TN:
SF:/Users/bradfoda/Desktop/C2_s21_stringplus-1/src/unit_tests/test_sprintf_g.c
FN:18,28,s21_sprintf_g_2_fn
FN:32,42,s21_sprintf_g_3_fn
FN:4,14,s21_sprintf_g_1_fn
FN:46,56,s21_sprintf_g_4_fn
FN:60,70,s21_sprintf_g_5_fn
FN:73,84,sprintf_g_suite
FNDA:1,s21_sprintf_g_2_fn
FNDA:1,s21_sprintf_g_3_fn
FNDA:1,s21_sprintf_g_1_fn
FNDA:1,s21_sprintf_g_4_fn
FNDA:1,s21_sprintf_g_5_fn
FNDA:1,sprintf_g_suite
FNF:6
FNH:6
DA:4,1
DA:6,1
DA:7,1
DA:10,1
DA:12,1
DA:13,0
DA:14,0
DA:18,1
DA:20,1
DA:21,1
DA:24,1
DA:26,1
DA:27,1
DA:28,1
DA:32,1
DA:34,1
DA:35,1
DA:38,1
DA:40,1
DA:41,0
DA:42,0
DA:46,1
DA:48,1
DA:49,1
DA:52,1
DA:54,1
DA:55,1
DA:56,1
DA:60,1
DA:62,1
DA:63,1
DA:66,1
DA:68,1
DA:69,0
DA:70,0
DA:73,1
DA:74,1
DA:76,1
DA:77,1
DA:78,1
DA:79,1
DA:80,1
DA:81,1
DA:82,1
DA:83,1
LF:45
LH:39
end_of_record
TN:
SF:/Users/bradfoda/Desktop/C2_s21_stringplus-1/src/unit_tests/test_sprintf_i.c
FN:19,29,s21_sprintf_i_2_fn
FN:33,43,s21_sprintf_i_3_fn
FN:47,57,s21_sprintf_i_4_fn
FN:5,15,s21_sprintf_i_1_fn
FN:61,71,s21_sprintf_i_5_fn
FN:74,85,sprintf_i_suite
FNDA:1,s21_sprintf_i_2_fn
FNDA:1,s21_sprintf_i_3_fn
FNDA:1,s21_sprintf_i_4_fn
FNDA:1,s21_sprintf_i_1_fn
FNDA:1,s21_sprintf_i_5_fn
FNDA:1,sprintf_i_suite
FNF:6
FNH:6
DA:5,1
DA:7,1
DA:8,1
DA:11,1
DA:13,1
DA:14,1
DA:15,1
DA:19,1
DA:21,1
DA:22,1
DA:25,1
DA:27,1
DA:28,1
DA:29,1
DA:33,1
DA:35,1
DA:36,1
DA:39,1
DA:41,1
DA:42,1
DA:43,1
DA:47,1
DA:49,1
DA:50,1
DA:53,1
DA:55,1
DA:56,1
DA:57,1
DA:61,1
DA:63,1
DA:64,1
DA:67,1
DA:69,1
DA:70,1
DA:71,1
DA:74,1
DA:75,1
DA:77,1
DA:78,1
DA:79,1
DA:80,1
DA:81,1
DA:82,1
DA:83,1
DA:84,1
LF:45
LH:45
end_of_record
TN:
SF:/Users/bradfoda/Desktop/C2_s21_stringplus-1/src/unit_tests/test_sprintf_length.c
FN:19,29,s21_sprintf_length_2_fn
FN:33,43,s21_sprintf_length_3_fn
FN:47,57,s21_sprintf_length_4_fn
FN:5,15,s21_sprintf_length_1_fn
FN:61,71,s21_sprintf_length_5_fn
FN:74,85,sprintf_length_suite
FNDA:1,s21_sprintf_length_2_fn
FNDA:1,s21_sprintf_length_3_fn
FNDA:1,s21_sprintf_length_4_fn
FNDA:1,s21_sprintf_length_1_fn
FNDA:1,s21_sprintf_length_5_fn
FNDA:1,sprintf_length_suite
FNF:6
FNH:6
DA:5,1
DA:6,1
DA:8,1
DA:11,1
DA:13,1
DA:14,1
DA:15,1
DA:19,1
DA:20,1
DA:22,1
DA:25,1
DA:27,1
DA:28,1
DA:29,1
DA:33,1
DA:34,1
DA:36,1
DA:39,1
DA:41,1
DA:42,1
DA:43,1
DA:47,1
DA:48,1
DA:50,1
DA:53,1
DA:55,1
DA:56,1
DA:57,0
DA:61,1
DA:62,1
DA:64,1
DA:67,1
DA:69,1
DA:70,1
DA:71,1
DA:74,1
DA:75,1
DA:77,1
DA:78,1
DA:79,1
DA:80,1
DA:81,1
DA:82,1
DA:83,1
DA:84,1
LF:45
LH:44
end_of_record
TN:
SF:/Users/bradfoda/Desktop/C2_s21_stringplus-1/src/unit_tests/test_sprintf_n.c
FN:101,112,sprintf_n_suite
FN:26,39,s21_sprintf_n_2_fn
FN:43,56,s21_sprintf_n_3_fn
FN:60,80,s21_sprintf_n_4_fn
FN:8,22,s21_sprintf_n_1_fn
FN:84,98,s21_sprintf_n_5_fn
FNDA:1,sprintf_n_suite
FNDA:1,s21_sprintf_n_2_fn
FNDA:1,s21_sprintf_n_3_fn
FNDA:1,s21_sprintf_n_4_fn
FNDA:1,s21_sprintf_n_1_fn
FNDA:1,s21_sprintf_n_5_fn
FNF:6
FNH:6
DA:8,1
DA:10,1
DA:12,1
DA:13,1
DA:17,1
DA:18,1
DA:20,1
DA:21,1
DA:22,0
DA:26,1
DA:29,1
DA:30,1
DA:34,1
DA:35,1
DA:37,1
DA:38,1
DA:39,1
DA:43,1
DA:46,1
DA:47,1
DA:51,1
DA:52,1
DA:54,1
DA:55,1
DA:56,0
DA:60,1
DA:62,1
DA:63,1
DA:64,1
DA:66,1
DA:67,1
DA:71,1
DA:72,1
DA:73,1
DA:74,1
DA:76,1
DA:77,1
DA:78,0
DA:79,0
DA:80,0
DA:84,1
DA:86,1
DA:88,1
DA:89,1
DA:93,1
DA:94,1
DA:96,1
DA:97,1
DA:98,1
DA:101,1
DA:102,1
DA:104,1
DA:105,1
DA:106,1
DA:107,1
DA:108,1
DA:109,1
DA:110,1
DA:111,1
LF:59
LH:54
end_of_record
TN:
SF:/Users/bradfoda/Desktop/C2_s21_stringplus-1/src/unit_tests/test_sprintf_o.c
FN:18,28,s21_sprintf_o_2_fn
FN:32,42,s21_sprintf_o_3_fn
FN:4,14,s21_sprintf_o_1_fn
FN:46,56,s21_sprintf_o_4_fn
FN:60,70,s21_sprintf_o_5_fn
FN:73,84,sprintf_o_suite
FNDA:1,s21_sprintf_o_2_fn
FNDA:1,s21_sprintf_o_3_fn
FNDA:1,s21_sprintf_o_1_fn
FNDA:1,s21_sprintf_o_4_fn
FNDA:1,s21_sprintf_o_5_fn
FNDA:1,sprintf_o_suite
FNF:6
FNH:6
DA:4,1
DA:6,1
DA:7,1
DA:10,1
DA:12,1
DA:13,1
DA:14,1
DA:18,1
DA:20,1
DA:21,1
DA:24,1
DA:26,1
DA:27,1
DA:28,1
DA:32,1
DA:34,1
DA:35,1
DA:38,1
DA:40,1
DA:41,1
DA:42,1
DA:46,1
DA:48,1
DA:49,1
DA:52,1
DA:54,1
DA:55,1
DA:56,1
DA:60,1
DA:62,1
DA:63,1
DA:66,1
DA:68,1
DA:69,1
DA:70,1
DA:73,1
DA:74,1
DA:76,1
DA:77,1
DA:78,1
DA:79,1
DA:80,1
DA:81,1
DA:82,1
DA:83,1
LF:45
LH:45
end_of_record
TN:
SF:/Users/bradfoda/Desktop/C2_s21_stringplus-1/src/unit_tests/test_sprintf_p.c
FN:19,29,s21_sprintf_p_2_fn
FN:33,43,s21_sprintf_p_3_fn
FN:4,15,s21_sprintf_p_1_fn
FN:47,62,s21_sprintf_p_4_fn
FN:66,77,s21_sprintf_p_5_fn
FN:80,91,sprintf_p_suite
FNDA:1,s21_sprintf_p_2_fn
FNDA:1,s21_sprintf_p_3_fn
FNDA:1,s21_sprintf_p_1_fn
FNDA:1,s21_sprintf_p_4_fn
FNDA:1,s21_sprintf_p_5_fn
FNDA:1,sprintf_p_suite
FNF:6
FNH:6
DA:4,1
DA:6,1
DA:7,1
DA:8,1
DA:11,1
DA:13,1
DA:14,1
DA:15,1
DA:19,1
DA:21,1
DA:22,1
DA:25,1
DA:27,1
DA:28,0
DA:29,0
DA:33,1
DA:35,1
DA:36,1
DA:39,1
DA:41,1
DA:42,0
DA:43,0
DA:47,1
DA:54,1
DA:55,1
DA:58,1
DA:60,1
DA:61,1
DA:62,1
DA:66,1
DA:69,1
DA:70,1
DA:73,1
DA:75,1
DA:76,1
DA:77,1
DA:80,1
DA:81,1
DA:83,1
DA:84,1
DA:85,1
DA:86,1
DA:87,1
DA:88,1
DA:89,1
DA:90,1
LF:46
LH:42
end_of_record
TN:
SF:/Users/bradfoda/Desktop/C2_s21_stringplus-1/src/unit_tests/test_sprintf_s.c
FN:22,32,s21_sprintf_s_2_fn
FN:36,46,s21_sprintf_s_3_fn
FN:50,60,s21_sprintf_s_4_fn
FN:64,74,s21_sprintf_s_5_fn
FN:77,88,sprintf_s_suite
FN:8,18,s21_sprintf_s_1_fn
FNDA:1,s21_sprintf_s_2_fn
FNDA:1,s21_sprintf_s_3_fn
FNDA:1,s21_sprintf_s_4_fn
FNDA:1,s21_sprintf_s_5_fn
FNDA:1,sprintf_s_suite
FNDA:1,s21_sprintf_s_1_fn
FNF:6
FNH:6
DA:8,1
DA:10,1
DA:11,1
DA:14,1
DA:16,1
DA:17,1
DA:18,1
DA:22,1
DA:24,1
DA:25,1
DA:28,1
DA:30,1
DA:31,1
DA:32,1
DA:36,1
DA:38,1
DA:39,1
DA:42,1
DA:44,1
DA:45,1
DA:46,1
DA:50,1
DA:52,1
DA:53,1
DA:56,1
DA:58,1
DA:59,1
DA:60,1
DA:64,1
DA:66,1
DA:67,1
DA:70,1
DA:72,1
DA:73,1
DA:74,1
DA:77,1
DA:78,1
DA:80,1
DA:81,1
DA:82,1
DA:83,1
DA:84,1
DA:85,1
DA:86,1
DA:87,1
LF:45
LH:45
end_of_record
TN:
SF:/Users/bradfoda/Desktop/C2_s21_stringplus-1/src/unit_tests/test_sprintf_u.c
FN:22,32,s21_sprintf_u_2_fn
FN:36,46,s21_sprintf_u_3_fn
FN:50,60,s21_sprintf_u_4_fn
FN:64,74,s21_sprintf_u_5_fn
FN:77,88,sprintf_u_suite
FN:8,18,s21_sprintf_u_1_fn
FNDA:1,s21_sprintf_u_2_fn
FNDA:1,s21_sprintf_u_3_fn
FNDA:1,s21_sprintf_u_4_fn
FNDA:1,s21_sprintf_u_5_fn
FNDA:1,sprintf_u_suite
FNDA:1,s21_sprintf_u_1_fn
FNF:6
FNH:6
DA:8,1
DA:10,1
DA:11,1
DA:14,1
DA:16,1
DA:17,1
DA:18,1
DA:22,1
DA:24,1
DA:25,1
DA:28,1
DA:30,1
DA:31,1
DA:32,1
DA:36,1
DA:38,1
DA:39,1
DA:42,1
DA:44,1
DA:45,1
DA:46,1
DA:50,1
DA:52,1
DA:53,1
DA:56,1
DA:58,1
DA:59,1
DA:60,1
DA:64,1
DA:66,1
DA:67,1
DA:70,1
DA:72,1
DA:73,1
DA:74,1
DA:77,1
DA:78,1
DA:80,1
DA:81,1
DA:82,1
DA:83,1
DA:84,1
DA:85,1
DA:86,1
DA:87,1
LF:45
LH:45
end_of_record
TN:
SF:/Users/bradfoda/Desktop/C2_s21_stringplus-1/src/unit_tests/test_sprintf_width.c
FN:17,26,s21_sprintf_width_2_fn
FN:30,39,s21_sprintf_width_3_fn
FN:4,13,s21_sprintf_width_1_fn
FN:43,52,s21_sprintf_width_4_fn
FN:56,65,s21_sprintf_width_5_fn
FN:68,80,sprintf_width_suite
FNDA:1,s21_sprintf_width_2_fn
FNDA:1,s21_sprintf_width_3_fn
FNDA:1,s21_sprintf_width_1_fn
FNDA:1,s21_sprintf_width_4_fn
FNDA:1,s21_sprintf_width_5_fn
FNDA:1,sprintf_width_suite
FNF:6
FNH:6
DA:4,1
DA:6,1
DA:9,1
DA:11,1
DA:12,0
DA:13,0
DA:17,1
DA:19,1
DA:22,1
DA:24,1
DA:25,0
DA:26,0
DA:30,1
DA:32,1
DA:35,1
DA:37,1
DA:38,0
DA:39,0
DA:43,1
DA:45,1
DA:48,1
DA:50,1
DA:51,0
DA:52,0
DA:56,1
DA:58,1
DA:61,1
DA:63,1
DA:64,0
DA:65,0
DA:68,1
DA:69,1
DA:71,1
DA:72,1
DA:73,1
DA:74,1
DA:75,1
DA:76,1
DA:78,1
DA:79,1
LF:40
LH:30
end_of_record
TN:
SF:/Users/bradfoda/Desktop/C2_s21_stringplus-1/src/unit_tests/test_sprintf_x.c
FN:18,28,s21_sprintf_x_2_fn
FN:32,42,s21_sprintf_x_3_fn
FN:4,14,s21_sprintf_x_1_fn
FN:46,56,s21_sprintf_x_4_fn
FN:60,70,s21_sprintf_x_5_fn
FN:73,84,sprintf_x_suite
FNDA:1,s21_sprintf_x_2_fn
FNDA:1,s21_sprintf_x_3_fn
FNDA:1,s21_sprintf_x_1_fn
FNDA:1,s21_sprintf_x_4_fn
FNDA:1,s21_sprintf_x_5_fn
FNDA:1,sprintf_x_suite
FNF:6
FNH:6
DA:4,1
DA:6,1
DA:7,1
DA:10,1
DA:12,1
DA:13,1
DA:14,1
DA:18,1
DA:20,1
DA:21,1
DA:24,1
DA:26,1
DA:27,1
DA:28,1
DA:32,1
DA:34,1
DA:35,1
DA:38,1
DA:40,1
DA:41,1
DA:42,1
DA:46,1
DA:48,1
DA:49,1
DA:52,1
DA:54,1
DA:55,1
DA:56,1
DA:60,1
DA:62,1
DA:63,1
DA:66,1
DA:68,1
DA:69,1
DA:70,1
DA:73,1
DA:74,1
DA:76,1
DA:77,1
DA:78,1
DA:79,1
DA:80,1
DA:81,1
DA:82,1
DA:83,1
LF:45
LH:45
end_of_record
TN:
SF:/Users/bradfoda/Desktop/C2_s21_stringplus-1/src/unit_tests/test_strchr.c
FN:13,18,strchr_2_fn
FN:22,27,strchr_3_fn
FN:31,36,strchr_4_fn
FN:4,9,strchr_1_fn
FN:40,45,strchr_5_fn
FN:49,54,strchr_6_fn
FN:58,63,strchr_7_fn
FN:67,72,strchr_8_fn
FN:76,81,strchr_9_fn
FN:85,90,strchr_10_fn
FN:93,109,strchr_suite
FNDA:1,strchr_2_fn
FNDA:1,strchr_3_fn
FNDA:1,strchr_4_fn
FNDA:1,strchr_1_fn
FNDA:1,strchr_5_fn
FNDA:1,strchr_6_fn
FNDA:1,strchr_7_fn
FNDA:1,strchr_8_fn
FNDA:1,strchr_9_fn
FNDA:1,strchr_10_fn
FNDA:1,strchr_suite
FNF:11
FNH:11
DA:4,1
DA:5,1
DA:6,1
DA:8,1
DA:9,1
DA:13,1
DA:14,1
DA:15,1
DA:17,1
DA:18,1
DA:22,1
DA:23,1
DA:24,1
DA:26,1
DA:27,1
DA:31,1
DA:32,1
DA:33,1
DA:35,1
DA:36,1
DA:40,1
DA:41,1
DA:42,1
DA:44,1
DA:45,1
DA:49,1
DA:50,1
DA:51,1
DA:53,1
DA:54,1
DA:58,1
DA:59,1
DA:60,1
DA:62,1
DA:63,1
DA:67,1
DA:68,1
DA:69,1
DA:71,1
DA:72,1
DA:76,1
DA:77,1
DA:78,1
DA:80,1
DA:81,1
DA:85,1
DA:86,1
DA:87,1
DA:89,1
DA:90,1
DA:93,1
DA:94,1
DA:96,1
DA:97,1
DA:98,1
DA:99,1
DA:100,1
DA:101,1
DA:102,1
DA:103,1
DA:104,1
DA:105,1
DA:106,1
DA:107,1
DA:108,1
LF:65
LH:65
end_of_record
TN:
SF:/Users/bradfoda/Desktop/C2_s21_stringplus-1/src/unit_tests/test_strcspn.c
FN:13,18,strcspn_2_fn
FN:22,27,strcspn_3_fn
FN:31,36,strcspn_4_fn
FN:4,9,strcspn_1_fn
FN:40,45,strcspn_5_fn
FN:49,54,strcspn_6_fn
FN:58,63,strcspn_7_fn
FN:67,72,strcspn_8_fn
FN:76,81,strcspn_9_fn
FN:85,90,strcspn_10_fn
FN:93,109,strcspn_suite
FNDA:1,strcspn_2_fn
FNDA:1,strcspn_3_fn
FNDA:1,strcspn_4_fn
FNDA:1,strcspn_1_fn
FNDA:1,strcspn_5_fn
FNDA:1,strcspn_6_fn
FNDA:1,strcspn_7_fn
FNDA:1,strcspn_8_fn
FNDA:1,strcspn_9_fn
FNDA:1,strcspn_10_fn
FNDA:1,strcspn_suite
FNF:11
FNH:11
DA:4,1
DA:5,1
DA:6,1
DA:8,1
DA:9,1
DA:13,1
DA:14,1
DA:15,1
DA:17,1
DA:18,1
DA:22,1
DA:23,1
DA:24,1
DA:26,1
DA:27,1
DA:31,1
DA:32,1
DA:33,1
DA:35,1
DA:36,1
DA:40,1
DA:41,1
DA:42,1
DA:44,1
DA:45,1
DA:49,1
DA:50,1
DA:51,1
DA:53,1
DA:54,1
DA:58,1
DA:59,1
DA:60,1
DA:62,1
DA:63,1
DA:67,1
DA:68,1
DA:69,1
DA:71,1
DA:72,1
DA:76,1
DA:77,1
DA:78,1
DA:80,1
DA:81,1
DA:85,1
DA:86,1
DA:87,1
DA:89,1
DA:90,1
DA:93,1
DA:94,1
DA:96,1
DA:97,1
DA:98,1
DA:99,1
DA:100,1
DA:101,1
DA:102,1
DA:103,1
DA:104,1
DA:105,1
DA:106,1
DA:107,1
DA:108,1
LF:65
LH:65
end_of_record
TN:
SF:/Users/bradfoda/Desktop/C2_s21_stringplus-1/src/unit_tests/test_strlen.c
FN:10,13,strlen_2_fn
FN:16,19,strlen_3_fn
FN:22,25,strlen_4_fn
FN:28,31,strlen_5_fn
FN:34,37,strlen_6_fn
FN:4,7,strlen_1_fn
FN:40,43,strlen_7_fn
FN:46,49,strlen_8_fn
FN:52,55,strlen_9_fn
FN:58,61,strlen_10_fn
FN:64,80,strlen_suite
FNDA:1,strlen_2_fn
FNDA:1,strlen_3_fn
FNDA:1,strlen_4_fn
FNDA:1,strlen_5_fn
FNDA:1,strlen_6_fn
FNDA:1,strlen_1_fn
FNDA:1,strlen_7_fn
FNDA:1,strlen_8_fn
FNDA:1,strlen_9_fn
FNDA:1,strlen_10_fn
FNDA:1,strlen_suite
FNF:11
FNH:11
DA:4,1
DA:5,1
DA:6,1
DA:7,1
DA:10,1
DA:11,1
DA:12,1
DA:13,1
DA:16,1
DA:17,1
DA:18,1
DA:19,1
DA:22,1
DA:23,1
DA:24,1
DA:25,1
DA:28,1
DA:29,1
DA:30,1
DA:31,1
DA:34,1
DA:35,1
DA:36,1
DA:37,1
DA:40,1
DA:41,1
DA:42,1
DA:43,1
DA:46,1
DA:47,1
DA:48,1
DA:49,1
DA:52,1
DA:53,1
DA:54,1
DA:55,1
DA:58,1
DA:59,1
DA:60,1
DA:61,1
DA:64,1
DA:65,1
DA:67,1
DA:68,1
DA:69,1
DA:70,1
DA:71,1
DA:72,1
DA:73,1
DA:74,1
DA:75,1
DA:76,1
DA:77,1
DA:78,1
DA:79,1
LF:55
LH:55
end_of_record
TN:
SF:/Users/bradfoda/Desktop/C2_s21_stringplus-1/src/unit_tests/test_strncat.c
FN:12,17,strncat_2_fn
FN:20,25,strncat_3_fn
FN:28,33,strncat_4_fn
FN:36,41,strncat_5_fn
FN:4,9,strncat_1_fn
FN:44,49,strncat_6_fn
FN:52,57,strncat_7_fn
FN:60,65,strncat_8_fn
FN:68,73,strncat_9_fn
FN:76,81,strncat_10_fn
FN:84,100,strncat_suite
FNDA:1,strncat_2_fn
FNDA:1,strncat_3_fn
FNDA:1,strncat_4_fn
FNDA:1,strncat_5_fn
FNDA:1,strncat_1_fn
FNDA:1,strncat_6_fn
FNDA:1,strncat_7_fn
FNDA:1,strncat_8_fn
FNDA:1,strncat_9_fn
FNDA:1,strncat_10_fn
FNDA:1,strncat_suite
FNF:11
FNH:11
DA:4,1
DA:5,1
DA:6,1
DA:7,1
DA:8,1
DA:9,0
DA:12,1
DA:13,1
DA:14,1
DA:15,1
DA:16,1
DA:17,0
DA:20,1
DA:21,1
DA:22,1
DA:23,1
DA:24,7
DA:25,0
DA:28,1
DA:29,1
DA:30,1
DA:31,1
DA:32,1
DA:33,0
DA:36,1
DA:37,1
DA:38,1
DA:39,1
DA:40,1
DA:41,1
DA:44,1
DA:45,1
DA:46,1
DA:47,1
DA:48,1
DA:49,0
DA:52,1
DA:53,1
DA:54,1
DA:55,1
DA:56,1
DA:57,0
DA:60,1
DA:61,1
DA:62,1
DA:63,1
DA:64,1
DA:65,0
DA:68,1
DA:69,1
DA:70,1
DA:71,1
DA:72,1
DA:73,0
DA:76,1
DA:77,1
DA:78,1
DA:79,1
DA:80,1
DA:81,0
DA:84,1
DA:85,1
DA:87,1
DA:88,1
DA:89,1
DA:90,1
DA:91,1
DA:92,1
DA:93,1
DA:94,1
DA:95,1
DA:96,1
DA:97,1
DA:98,1
DA:99,1
LF:75
LH:66
end_of_record
TN:
SF:/Users/bradfoda/Desktop/C2_s21_stringplus-1/src/unit_tests/test_strncmp.c
FN:103,119,strncmp_suite
FN:14,20,strcmp_2_fn
FN:24,30,strcmp_3_fn
FN:34,40,strcmp_4_fn
FN:4,10,strcmp_1_fn
FN:44,50,strcmp_5_fn
FN:54,60,strcmp_6_fn
FN:64,70,strcmp_7_fn
FN:74,80,strcmp_8_fn
FN:84,90,strcmp_9_fn
FN:94,100,strcmp_10_fn
FNDA:1,strncmp_suite
FNDA:1,strcmp_2_fn
FNDA:1,strcmp_3_fn
FNDA:1,strcmp_4_fn
FNDA:1,strcmp_1_fn
FNDA:1,strcmp_5_fn
FNDA:1,strcmp_6_fn
FNDA:1,strcmp_7_fn
FNDA:1,strcmp_8_fn
FNDA:1,strcmp_9_fn
FNDA:1,strcmp_10_fn
FNF:11
FNH:11
DA:4,1
DA:5,1
DA:6,1
DA:7,1
DA:9,1
DA:10,1
DA:14,1
DA:15,1
DA:16,1
DA:17,1
DA:19,1
DA:20,1
DA:24,1
DA:25,1
DA:26,1
DA:27,1
DA:29,1
DA:30,1
DA:34,1
DA:35,1
DA:36,1
DA:37,1
DA:39,1
DA:40,1
DA:44,1
DA:45,1
DA:46,1
DA:47,1
DA:49,1
DA:50,1
DA:54,1
DA:55,1
DA:56,1
DA:57,1
DA:59,1
DA:60,1
DA:64,1
DA:65,1
DA:66,1
DA:67,1
DA:69,1
DA:70,1
DA:74,1
DA:75,1
DA:76,1
DA:77,1
DA:79,1
DA:80,1
DA:84,1
DA:85,1
DA:86,1
DA:87,1
DA:89,1
DA:90,1
DA:94,1
DA:95,1
DA:96,1
DA:97,1
DA:99,1
DA:100,1
DA:103,1
DA:104,1
DA:106,1
DA:107,1
DA:108,1
DA:109,1
DA:110,1
DA:111,1
DA:112,1
DA:113,1
DA:114,1
DA:115,1
DA:116,1
DA:117,1
DA:118,1
LF:75
LH:75
end_of_record
TN:
SF:/Users/bradfoda/Desktop/C2_s21_stringplus-1/src/unit_tests/test_strncpy.c
FN:11,16,strncpy_2_fn
FN:19,24,strncpy_3_fn
FN:27,32,strncpy_4_fn
FN:3,8,strncpy_1_fn
FN:35,40,strncpy_5_fn
FN:43,48,strncpy_6_fn
FN:51,56,strncpy_7_fn
FN:59,64,strncpy_8_fn
FN:67,72,strncpy_9_fn
FN:75,80,strncpy_10_fn
FN:83,99,strncpy_suite
FNDA:1,strncpy_2_fn
FNDA:1,strncpy_3_fn
FNDA:1,strncpy_4_fn
FNDA:1,strncpy_1_fn
FNDA:1,strncpy_5_fn
FNDA:1,strncpy_6_fn
FNDA:1,strncpy_7_fn
FNDA:1,strncpy_8_fn
FNDA:1,strncpy_9_fn
FNDA:1,strncpy_10_fn
FNDA:1,strncpy_suite
FNF:11
FNH:11
DA:3,1
DA:4,1
DA:6,1
DA:7,1
DA:8,1
DA:11,1
DA:12,1
DA:14,1
DA:15,1
DA:16,0
DA:19,1
DA:20,1
DA:22,1
DA:23,9
DA:24,0
DA:27,1
DA:28,1
DA:30,1
DA:31,1
DA:32,0
DA:35,1
DA:36,1
DA:38,1
DA:39,1
DA:40,1
DA:43,1
DA:44,1
DA:46,1
DA:47,1
DA:48,0
DA:51,1
DA:52,1
DA:54,1
DA:55,1
DA:56,1
DA:59,1
DA:60,1
DA:62,1
DA:63,1
DA:64,1
DA:67,1
DA:68,1
DA:70,1
DA:71,1
DA:72,1
DA:75,1
DA:76,1
DA:78,1
DA:79,1
DA:80,1
DA:83,1
DA:84,1
DA:86,1
DA:87,1
DA:88,1
DA:89,1
DA:90,1
DA:91,1
DA:92,1
DA:93,1
DA:94,1
DA:95,1
DA:96,1
DA:97,1
DA:98,1
LF:65
LH:61
end_of_record
TN:
SF:/Users/bradfoda/Desktop/C2_s21_stringplus-1/src/unit_tests/test_strpbnk.c
FN:13,18,strpbrk_2_fn
FN:22,27,strpbrk_3_fn
FN:31,36,strpbrk_4_fn
FN:4,9,strpbrk_1_fn
FN:40,45,strpbrk_5_fn
FN:49,54,strpbrk_6_fn
FN:58,63,strpbrk_7_fn
FN:67,72,strpbrk_8_fn
FN:76,81,strpbrk_9_fn
FN:85,90,strpbrk_10_fn
FN:93,109,strpbrk_suite
FNDA:1,strpbrk_2_fn
FNDA:1,strpbrk_3_fn
FNDA:1,strpbrk_4_fn
FNDA:1,strpbrk_1_fn
FNDA:1,strpbrk_5_fn
FNDA:1,strpbrk_6_fn
FNDA:1,strpbrk_7_fn
FNDA:1,strpbrk_8_fn
FNDA:1,strpbrk_9_fn
FNDA:1,strpbrk_10_fn
FNDA:1,strpbrk_suite
FNF:11
FNH:11
DA:4,1
DA:5,1
DA:6,1
DA:8,1
DA:9,1
DA:13,1
DA:14,1
DA:15,1
DA:17,1
DA:18,1
DA:22,1
DA:23,1
DA:24,1
DA:26,1
DA:27,1
DA:31,1
DA:32,1
DA:33,1
DA:35,1
DA:36,1
DA:40,1
DA:41,1
DA:42,1
DA:44,1
DA:45,1
DA:49,1
DA:50,1
DA:51,1
DA:53,1
DA:54,1
DA:58,1
DA:59,1
DA:60,1
DA:62,1
DA:63,1
DA:67,1
DA:68,1
DA:69,1
DA:71,1
DA:72,1
DA:76,1
DA:77,1
DA:78,1
DA:80,1
DA:81,1
DA:85,1
DA:86,1
DA:87,1
DA:89,1
DA:90,1
DA:93,1
DA:94,1
DA:96,1
DA:97,1
DA:98,1
DA:99,1
DA:100,1
DA:101,1
DA:102,1
DA:103,1
DA:104,1
DA:105,1
DA:106,1
DA:107,1
DA:108,1
LF:65
LH:65
end_of_record
TN:
SF:/Users/bradfoda/Desktop/C2_s21_stringplus-1/src/unit_tests/test_strrchr.c
FN:13,18,strrchr_2_fn
FN:22,27,strrchr_3_fn
FN:31,36,strrchr_4_fn
FN:4,9,strrchr_1_fn
FN:40,45,strrchr_5_fn
FN:49,54,strrchr_6_fn
FN:58,63,strrchr_7_fn
FN:67,72,strrchr_8_fn
FN:76,81,strrchr_9_fn
FN:95,111,strrchr_suite
FNDA:1,strrchr_2_fn
FNDA:1,strrchr_3_fn
FNDA:1,strrchr_4_fn
FNDA:1,strrchr_1_fn
FNDA:1,strrchr_5_fn
FNDA:1,strrchr_6_fn
FNDA:1,strrchr_7_fn
FNDA:1,strrchr_8_fn
FNDA:1,strrchr_9_fn
FNDA:1,strrchr_suite
FNF:10
FNH:10
DA:4,1
DA:5,1
DA:6,1
DA:8,1
DA:9,1
DA:13,1
DA:14,1
DA:15,1
DA:17,1
DA:18,1
DA:22,1
DA:23,1
DA:24,1
DA:26,1
DA:27,1
DA:31,1
DA:32,1
DA:33,1
DA:35,1
DA:36,1
DA:40,1
DA:41,1
DA:42,1
DA:44,1
DA:45,1
DA:49,1
DA:50,1
DA:51,1
DA:53,1
DA:54,1
DA:58,1
DA:59,1
DA:60,1
DA:62,1
DA:63,1
DA:67,1
DA:68,1
DA:69,1
DA:71,1
DA:72,1
DA:76,1
DA:77,1
DA:78,1
DA:80,1
DA:81,1
DA:95,1
DA:96,1
DA:98,1
DA:99,1
DA:100,1
DA:101,1
DA:102,1
DA:103,1
DA:104,1
DA:105,1
DA:106,1
DA:107,1
DA:109,1
DA:110,1
LF:59
LH:59
end_of_record
TN:
SF:/Users/bradfoda/Desktop/C2_s21_stringplus-1/src/unit_tests/test_strstr.c
FN:13,18,strstr_2_fn
FN:22,27,strstr_3_fn
FN:31,36,strstr_4_fn
FN:4,9,strstr_1_fn
FN:40,45,strstr_5_fn
FN:49,54,strstr_6_fn
FN:58,63,strstr_7_fn
FN:67,72,strstr_8_fn
FN:76,81,strstr_9_fn
FN:85,90,strstr_10_fn
FN:93,109,strstr_suite
FNDA:1,strstr_2_fn
FNDA:1,strstr_3_fn
FNDA:1,strstr_4_fn
FNDA:1,strstr_1_fn
FNDA:1,strstr_5_fn
FNDA:1,strstr_6_fn
FNDA:1,strstr_7_fn
FNDA:1,strstr_8_fn
FNDA:1,strstr_9_fn
FNDA:1,strstr_10_fn
FNDA:1,strstr_suite
FNF:11
FNH:11
DA:4,1
DA:5,1
DA:6,1
DA:8,1
DA:9,1
DA:13,1
DA:14,1
DA:15,1
DA:17,1
DA:18,1
DA:22,1
DA:23,1
DA:24,1
DA:26,1
DA:27,1
DA:31,1
DA:32,1
DA:33,1
DA:35,1
DA:36,1
DA:40,1
DA:41,1
DA:42,1
DA:44,1
DA:45,1
DA:49,1
DA:50,1
DA:51,1
DA:53,1
DA:54,1
DA:58,1
DA:59,1
DA:60,1
DA:62,1
DA:63,1
DA:67,1
DA:68,1
DA:69,1
DA:71,1
DA:72,1
DA:76,1
DA:77,1
DA:78,1
DA:80,1
DA:81,1
DA:85,1
DA:86,1
DA:87,1
DA:89,1
DA:90,1
DA:93,1
DA:94,1
DA:96,1
DA:97,1
DA:98,1
DA:99,1
DA:100,1
DA:101,1
DA:102,1
DA:103,1
DA:104,1
DA:105,1
DA:106,1
DA:107,1
DA:108,1
LF:65
LH:65
end_of_record
